# JRE version: 7.0_25-b17
# Java VM: Java HotSpot(TM) 64-Bit Server VM (23.25-b01 mixed mode windows-amd64 compressed oops)
Heap
 PSYoungGen      total 1051584K, used 205805K [0x0000000755b60000, 0x0000000796380000, 0x0000000800000000)
  eden space 1046528K, 19% used [0x0000000755b60000,0x000000076245b498,0x0000000795960000)
  from space 5056K, 0% used [0x0000000795e90000,0x0000000795e90000,0x0000000796380000)
  to   space 5184K, 0% used [0x0000000795960000,0x0000000795960000,0x0000000795e70000)
 ParOldGen       total 348736K, used 54027K [0x0000000601200000, 0x0000000616690000, 0x0000000755b60000)
  object space 348736K, 15% used [0x0000000601200000,0x00000006046c2e10,0x0000000616690000)
 PSPermGen       total 52864K, used 52657K [0x00000005fc000000, 0x00000005ff3a0000, 0x0000000601200000)
  object space 52864K, 99% used [0x00000005fc000000,0x00000005ff36c700,0x00000005ff3a0000)
GC Heap History (10 events):
Event: 3412.627 GC heap before
{Heap before GC invocations=112 (full 52):
 PSYoungGen      total 1051840K, used 346K [0x0000000755b60000, 0x0000000796400000, 0x0000000800000000)
  eden space 1046528K, 0% used [0x0000000755b60000,0x0000000755b60000,0x0000000795960000)
  from space 5312K, 6% used [0x0000000795ed0000,0x0000000795f26aa8,0x0000000796400000)
  to   space 5440K, 0% used [0x0000000795960000,0x0000000795960000,0x0000000795eb0000)
 ParOldGen       total 348736K, used 53866K [0x0000000601200000, 0x0000000616690000, 0x0000000755b60000)
  object space 348736K, 15% used [0x0000000601200000,0x000000060469aa10,0x0000000616690000)
 PSPermGen       total 52736K, used 52421K [0x00000005fc000000, 0x00000005ff380000, 0x0000000601200000)
  object space 52736K, 99% used [0x00000005fc000000,0x00000005ff3316c0,0x00000005ff380000)
Event: 3412.738 GC heap after
Heap after GC invocations=112 (full 52):
 PSYoungGen      total 1051840K, used 0K [0x0000000755b60000, 0x0000000796400000, 0x0000000800000000)
  eden space 1046528K, 0% used [0x0000000755b60000,0x0000000755b60000,0x0000000795960000)
  from space 5312K, 0% used [0x0000000795ed0000,0x0000000795ed0000,0x0000000796400000)
  to   space 5440K, 0% used [0x0000000795960000,0x0000000795960000,0x0000000795eb0000)
 ParOldGen       total 348736K, used 53878K [0x0000000601200000, 0x0000000616690000, 0x0000000755b60000)
  object space 348736K, 15% used [0x0000000601200000,0x000000060469daf0,0x0000000616690000)
 PSPermGen       total 52736K, used 52421K [0x00000005fc000000, 0x00000005ff380000, 0x0000000601200000)
  object space 52736K, 99% used [0x00000005fc000000,0x00000005ff3315a0,0x00000005ff380000)
}
Event: 3475.874 GC heap before
{Heap before GC invocations=113 (full 52):
 PSYoungGen      total 1051840K, used 266458K [0x0000000755b60000, 0x0000000796400000, 0x0000000800000000)
  eden space 1046528K, 25% used [0x0000000755b60000,0x0000000765f96ac0,0x0000000795960000)
  from space 5312K, 0% used [0x0000000795ed0000,0x0000000795ed0000,0x0000000796400000)
  to   space 5440K, 0% used [0x0000000795960000,0x0000000795960000,0x0000000795eb0000)
 ParOldGen       total 348736K, used 53878K [0x0000000601200000, 0x0000000616690000, 0x0000000755b60000)
  object space 348736K, 15% used [0x0000000601200000,0x000000060469daf0,0x0000000616690000)
 PSPermGen       total 52736K, used 52495K [0x00000005fc000000, 0x00000005ff380000, 0x0000000601200000)
  object space 52736K, 99% used [0x00000005fc000000,0x00000005ff343d78,0x00000005ff380000)
Event: 3475.877 GC heap after
Heap after GC invocations=113 (full 52):
 PSYoungGen      total 1048896K, used 2354K [0x0000000755b60000, 0x00000007963c0000, 0x0000000800000000)
  eden space 1046528K, 0% used [0x0000000755b60000,0x0000000755b60000,0x0000000795960000)
  from space 2368K, 99% used [0x0000000795960000,0x0000000795bacb08,0x0000000795bb0000)
  to   space 5312K, 0% used [0x0000000795e90000,0x0000000795e90000,0x00000007963c0000)
 ParOldGen       total 348736K, used 53878K [0x0000000601200000, 0x0000000616690000, 0x0000000755b60000)
  object space 348736K, 15% used [0x0000000601200000,0x000000060469daf0,0x0000000616690000)
 PSPermGen       total 52736K, used 52495K [0x00000005fc000000, 0x00000005ff380000, 0x0000000601200000)
  object space 52736K, 99% used [0x00000005fc000000,0x00000005ff343d78,0x00000005ff380000)
}
Event: 3475.877 GC heap before
{Heap before GC invocations=114 (full 53):
 PSYoungGen      total 1048896K, used 2354K [0x0000000755b60000, 0x00000007963c0000, 0x0000000800000000)
  eden space 1046528K, 0% used [0x0000000755b60000,0x0000000755b60000,0x0000000795960000)
  from space 2368K, 99% used [0x0000000795960000,0x0000000795bacb08,0x0000000795bb0000)
  to   space 5312K, 0% used [0x0000000795e90000,0x0000000795e90000,0x00000007963c0000)
 ParOldGen       total 348736K, used 53878K [0x0000000601200000, 0x0000000616690000, 0x0000000755b60000)
  object space 348736K, 15% used [0x0000000601200000,0x000000060469daf0,0x0000000616690000)
 PSPermGen       total 52736K, used 52495K [0x00000005fc000000, 0x00000005ff380000, 0x0000000601200000)
  object space 52736K, 99% used [0x00000005fc000000,0x00000005ff343d78,0x00000005ff380000)
Event: 3475.968 GC heap after
Heap after GC invocations=114 (full 53):
 PSYoungGen      total 1048896K, used 0K [0x0000000755b60000, 0x00000007963c0000, 0x0000000800000000)
  eden space 1046528K, 0% used [0x0000000755b60000,0x0000000755b60000,0x0000000795960000)
  from space 2368K, 0% used [0x0000000795960000,0x0000000795960000,0x0000000795bb0000)
  to   space 5312K, 0% used [0x0000000795e90000,0x0000000795e90000,0x00000007963c0000)
 ParOldGen       total 348736K, used 53898K [0x0000000601200000, 0x0000000616690000, 0x0000000755b60000)
  object space 348736K, 15% used [0x0000000601200000,0x00000006046a2a80,0x0000000616690000)
 PSPermGen       total 52864K, used 52494K [0x00000005fc000000, 0x00000005ff3a0000, 0x0000000601200000)
  object space 52864K, 99% used [0x00000005fc000000,0x00000005ff343918,0x00000005ff3a0000)
}
Event: 3536.268 GC heap before
{Heap before GC invocations=115 (full 53):
 PSYoungGen      total 1048896K, used 38735K [0x0000000755b60000, 0x00000007963c0000, 0x0000000800000000)
  eden space 1046528K, 3% used [0x0000000755b60000,0x0000000758133fc0,0x0000000795960000)
  from space 2368K, 0% used [0x0000000795960000,0x0000000795960000,0x0000000795bb0000)
  to   space 5312K, 0% used [0x0000000795e90000,0x0000000795e90000,0x00000007963c0000)
 ParOldGen       total 348736K, used 53898K [0x0000000601200000, 0x0000000616690000, 0x0000000755b60000)
  object space 348736K, 15% used [0x0000000601200000,0x00000006046a2a80,0x0000000616690000)
 PSPermGen       total 52864K, used 52652K [0x00000005fc000000, 0x00000005ff3a0000, 0x0000000601200000)
  object space 52864K, 99% used [0x00000005fc000000,0x00000005ff36b000,0x00000005ff3a0000)
Event: 3536.274 GC heap after
Heap after GC invocations=115 (full 53):
 PSYoungGen      total 1051584K, used 413K [0x0000000755b60000, 0x0000000796380000, 0x0000000800000000)
  eden space 1046528K, 0% used [0x0000000755b60000,0x0000000755b60000,0x0000000795960000)
  from space 5056K, 8% used [0x0000000795e90000,0x0000000795ef75c0,0x0000000796380000)
  to   space 5184K, 0% used [0x0000000795960000,0x0000000795960000,0x0000000795e70000)
 ParOldGen       total 348736K, used 53898K [0x0000000601200000, 0x0000000616690000, 0x0000000755b60000)
  object space 348736K, 15% used [0x0000000601200000,0x00000006046a2a80,0x0000000616690000)
 PSPermGen       total 52864K, used 52652K [0x00000005fc000000, 0x00000005ff3a0000, 0x0000000601200000)
  object space 52864K, 99% used [0x00000005fc000000,0x00000005ff36b000,0x00000005ff3a0000)
}
Event: 3536.274 GC heap before
{Heap before GC invocations=116 (full 54):
 PSYoungGen      total 1051584K, used 413K [0x0000000755b60000, 0x0000000796380000, 0x0000000800000000)
  eden space 1046528K, 0% used [0x0000000755b60000,0x0000000755b60000,0x0000000795960000)
  from space 5056K, 8% used [0x0000000795e90000,0x0000000795ef75c0,0x0000000796380000)
  to   space 5184K, 0% used [0x0000000795960000,0x0000000795960000,0x0000000795e70000)
 ParOldGen       total 348736K, used 53898K [0x0000000601200000, 0x0000000616690000, 0x0000000755b60000)
  object space 348736K, 15% used [0x0000000601200000,0x00000006046a2a80,0x0000000616690000)
 PSPermGen       total 52864K, used 52652K [0x00000005fc000000, 0x00000005ff3a0000, 0x0000000601200000)
  object space 52864K, 99% used [0x00000005fc000000,0x00000005ff36b000,0x00000005ff3a0000)
Event: 3536.382 GC heap after
Heap after GC invocations=116 (full 54):
 PSYoungGen      total 1051584K, used 0K [0x0000000755b60000, 0x0000000796380000, 0x0000000800000000)
  eden space 1046528K, 0% used [0x0000000755b60000,0x0000000755b60000,0x0000000795960000)
  from space 5056K, 0% used [0x0000000795e90000,0x0000000795e90000,0x0000000796380000)
  to   space 5184K, 0% used [0x0000000795960000,0x0000000795960000,0x0000000795e70000)
 ParOldGen       total 348736K, used 54027K [0x0000000601200000, 0x0000000616690000, 0x0000000755b60000)
  object space 348736K, 15% used [0x0000000601200000,0x00000006046c2e10,0x0000000616690000)
 PSPermGen       total 52864K, used 52651K [0x00000005fc000000, 0x00000005ff3a0000, 0x0000000601200000)
  object space 52864K, 99% used [0x00000005fc000000,0x00000005ff36aef8,0x00000005ff3a0000)
}

